[www.yitherapy.com/index.html]
[backblue.gif]
[fade.gif]
[index.html]
[www.yitherapy.com/favicon.ico]
[www.yitherapy.com/__system/__css/1403211_tl.css]
[www.yitherapy.com/__system/__css/1403211.css]
[www.yitherapy.com/static/css/mapescape/mapescape.css]
[www.yitherapy.com/static/css/slick/slick.css]
[www.yitherapy.com/healthmaintenance.html]
[www.yitherapy.com/static/js/website/combined-min-v31-jquery-1.11.1.js]
[www.yitherapy.com/aboutus.html]
[www.yitherapy.com/tcmguasha.html]
[www.yitherapy.com/tcmtuina.html]
[www.yitherapy.com/tcmacupuncture.html]
[www.yitherapy.com/tcmfirecupping.html]
[www.yitherapy.com/Gallery.html]
[www.yitherapy.com/ecommerce/body-massage.html]
[www.yitherapy.com/ecommerce/index.html]
[www.yitherapy.com/contactus.html]
[www.yitherapy.com/static/css/camera/camera.css]
[www.yitherapy.com/static/js/ext/photogallery/camera-1.3.4.js]
[www.yitherapy.com/static/js/ext/photogallery/jquery.mobile.customized.min.js]
[www.yitherapy.com/static/js/ext/photogallery/jquery.easing.1.3.js]
[www.yitherapy.com/design/tcm_exam_400x267.jpg]
[www.yitherapy.com/design/tcm_schedule_400x267.jpg]
[www.yitherapy.com/design/tcm_Gua_Sha_400x267.jpg]
[www.yitherapy.com/design/tcm_tui_na_400x267.jpg]
[www.yitherapy.com/design/tcm_accupuncture_400x267.jpg]
[www.yitherapy.com/bookonline.html]
[www.yitherapy.com/design/tcm_fire_cupping_400x267.jpg]
[www.yitherapy.com/design/fb_48x48.png]
[www.yitherapy.com/design/twitter_48x48.png]
[www.yitherapy.com/static/js/ext/datejs-1.0.alpha1/l10n/en-SG-min.js]
[www.yitherapy.com/static/js/ext/datejs-1.0.alpha1/compact-datejs-1.0.alpha1-min.js]
[www.yitherapy.com/static/ver/4.35.0.44/js/int/jquery.iv.datepicker.js]
[www.yitherapy.com/static/js/ext/json2.2011-10-19.min.js]
[www.yitherapy.com/static/ver/4.35.0.44/js/int/jquery.iv.js]
[www.yitherapy.com/static/ver/4.35.0.44/js/int/jquery.iv.customform.js]
[www.yitherapy.com/static/js/ext/jquery.validate-1.11.1.min.js]
[www.yitherapy.com/index.html]
[www.yitherapy.com/static/fonts/video-js/vjs.eot]
[www.yitherapy.com/static/fonts/video-js/vjsd41d.eot]
[www.yitherapy.com/static/fonts/video-js/vjs.woff]
[www.yitherapy.com/static/fonts/video-js/vjs.ttf]
[www.yitherapy.com/static/images/global/photogallery/spinner.gif]
[www.yitherapy.com/static/images/global/circle_close_black.png]
[www.yitherapy.com/design/bg_bamboo_1600x1600.jpg]
[www.yitherapy.com/design/bg_nav.jpg]
[www.yitherapy.com/static/designs/images/repository/util_38x38_hamburger_menu.png]
[www.yitherapy.com/static/designs/images/repository/util_7x7_minus.png]
[www.yitherapy.com/__system/__css/1403211_tl.css]
[www.yitherapy.com/__system/__css/1403211.css]
[www.yitherapy.com/static/designs/images/repository/util_7x7_plus.png]
[www.yitherapy.com/static/css/mapescape/mapescape.css]
[www.yitherapy.com/static/css/slick/slick.css]
[www.yitherapy.com/static/images/global/mapescape/scroll-icon.png]
[www.yitherapy.com/__system/__css/1403208_tl.css]
[www.yitherapy.com/__system/__css/1403208.css]
[www.yitherapy.com/design/tcm_exam_400x600.jpg]
[www.yitherapy.com/aboutus.html]
[www.yitherapy.com/design/bg_tea_1600x1200.jpg]
[www.yitherapy.com/__system/__css/1407374_tl.css]
[www.yitherapy.com/__system/__css/1407374.css]
[www.yitherapy.com/static/css/slick.css]
[www.yitherapy.com/healthmaintenance.html]
[www.yitherapy.com/design/exam_960w.jpg]
[www.yitherapy.com/__system/__css/1407349_tl.css]
[www.yitherapy.com/__system/__css/1407349.css]
[www.yitherapy.com/tcmguasha.html]
[www.yitherapy.com/design/s2.jpg]
[www.yitherapy.com/__system/__css/1407365_tl.css]
[www.yitherapy.com/__system/__css/1407365.css]
[www.yitherapy.com/design/s3.jpg]
[www.yitherapy.com/tcmacupuncture.html]
[www.yitherapy.com/__system/__css/1407366_tl.css]
[www.yitherapy.com/__system/__css/1407366.css]
[www.yitherapy.com/tcmtuina.html]
[www.yitherapy.com/__system/__css/1407367_tl.css]
[www.yitherapy.com/__system/__css/1407367.css]
[www.yitherapy.com/tcmfirecupping.html]
[www.yitherapy.com/design/s4.jpg]
[www.yitherapy.com/__system/__css/1403213_tl.css]
[www.yitherapy.com/__system/__css/1403213.css]
[www.yitherapy.com/Gallery.html]
[www.yitherapy.com/ecommerce/skin/frontend/rwd/iv_responsive/css/sandbox.css]
[www.yitherapy.com/ecommerce/skin/frontend/base/default/sagepaysuite/css/sagePaySuite.css]
[www.yitherapy.com/ecommerce/js/lib/ccard.js]
[www.yitherapy.com/ecommerce/js/scriptaculous/builder.js]
[www.yitherapy.com/ecommerce/js/prototype/validation.js]
[www.yitherapy.com/ecommerce/js/prototype/prototype.js]
[www.yitherapy.com/ecommerce/js/scriptaculous/effects.js]
[www.yitherapy.com/ecommerce/js/scriptaculous/dragdrop.js]
[www.yitherapy.com/ecommerce/js/scriptaculous/controls.js]
[www.yitherapy.com/ecommerce/js/scriptaculous/slider.js]
[www.yitherapy.com/ecommerce/js/varien/js.js]
[www.yitherapy.com/ecommerce/js/varien/form.js]
[www.yitherapy.com/ecommerce/js/mage/translate.js]
[www.yitherapy.com/ecommerce/js/mage/cookies.js]
[www.yitherapy.com/ecommerce/js/menu/jquery.noConflict.js]
[www.yitherapy.com/ecommerce/js/menu/jquery-1.11.0.min.js]
[www.yitherapy.com/ecommerce/js/menu/menu_util.js]
[www.yitherapy.com/ecommerce/js/menu/menu_ext.js]
[www.yitherapy.com/ecommerce/js/public/jquery.iv.js]
[www.yitherapy.com/ecommerce/js/public/jquery.scrollTo-1.4.2-min.js]
[www.yitherapy.com/ecommerce/skin/frontend/rwd/iv_responsive/js/lib/modernizr.custom.min.js]
[www.yitherapy.com/ecommerce/js/public/json2.2011-10-19.js]
[www.yitherapy.com/ecommerce/skin/frontend/rwd/iv_responsive/js/lib/matchMedia.js]
[www.yitherapy.com/ecommerce/skin/frontend/rwd/iv_responsive/js/lib/selectivizr.js]
[www.yitherapy.com/ecommerce/skin/frontend/rwd/iv_responsive/js/lib/matchMedia.addListener.js]
[www.yitherapy.com/ecommerce/skin/frontend/rwd/iv_responsive/js/lib/enquire.js]
[www.yitherapy.com/ecommerce/skin/frontend/rwd/iv_responsive/js/app.js]
[www.yitherapy.com/ecommerce/skin/frontend/rwd/iv_responsive/js/lib/jquery.cycle2.min.js]
[www.yitherapy.com/ecommerce/skin/frontend/rwd/iv_responsive/js/lib/jquery.cycle2.swipe.min.js]
[www.yitherapy.com/ecommerce/skin/frontend/rwd/iv_responsive/js/slideshow.js]
[www.yitherapy.com/ecommerce/skin/frontend/rwd/iv_responsive/js/lib/imagesloaded.js]
[www.yitherapy.com/ecommerce/skin/frontend/rwd/iv_responsive/js/minicart.js]
[www.yitherapy.com/ecommerce/skin/frontend/rwd/iv_responsive/css/styles.css]
[www.yitherapy.com/ecommerce/skin/frontend/rwd/iv_responsive/css/iv_mods.css]
[www.yitherapy.com/ecommerce/catalogsearch/ajax/suggest/index.html]
[www.yitherapy.com/ecommerce/media/catalog/product/cache/1/small_image/210x/9df78eab33525d08d6e5fb8d27136e95/i/m/images_2_/www.yitherapy.com-TCM-Health-Treatments-&-Massage-20.jpg]
[www.yitherapy.com/ecommerce/checkout/cart/index.html]
[www.yitherapy.com/ecommerce/tcm health treatments & massage.html]
[www.yitherapy.com/ecommerce/media/catalog/product/cache/1/small_image/210x/9df78eab33525d08d6e5fb8d27136e95/i/m/images_1_/www.yitherapy.com-TCM-Scrapping-Care-20.jpg]
[www.yitherapy.com/ecommerce/checkout/cart/add/uenc/aHR0cDovL3d3dy55aXRoZXJhcHkuY29tOjgyLzE4NS8xODUzMjgv/product/5/form_key/vWCpGrD0BLpfAw84/index.html]
[www.yitherapy.com/ecommerce/tcm scrapping care.html]
[www.yitherapy.com/ecommerce/checkout/cart/add/uenc/aHR0cDovL3d3dy55aXRoZXJhcHkuY29tOjgyLzE4NS8xODUzMjgv/product/4/form_key/vWCpGrD0BLpfAw84/index.html]
[www.yitherapy.com/ecommerce/catalog/product_compare/add/product/5/uenc/aHR0cDovL3d3dy55aXRoZXJhcHkuY29tOjgyLzE4NS8xODUzMjgv/form_key/vWCpGrD0BLpfAw84/index.html]
[www.yitherapy.com/ecommerce/media/catalog/product/cache/1/small_image/210x/9df78eab33525d08d6e5fb8d27136e95/d/o/download_1_/www.yitherapy.com-TCM-Fire-Cupping-20.jpg]
[www.yitherapy.com/ecommerce/catalog/product_compare/add/product/4/uenc/aHR0cDovL3d3dy55aXRoZXJhcHkuY29tOjgyLzE4NS8xODUzMjgv/form_key/vWCpGrD0BLpfAw84/index.html]
[www.yitherapy.com/ecommerce/tcm fire cupping.html]
[www.yitherapy.com/ecommerce/checkout/cart/add/uenc/aHR0cDovL3d3dy55aXRoZXJhcHkuY29tOjgyLzE4NS8xODUzMjgv/product/3/form_key/vWCpGrD0BLpfAw84/index.html]
[www.yitherapy.com/ecommerce/media/catalog/product/cache/1/small_image/210x/9df78eab33525d08d6e5fb8d27136e95/i/m/images/www.yitherapy.com-TCM-TUI-NA-20.jpg]
[www.yitherapy.com/ecommerce/catalog/product_compare/add/product/3/uenc/aHR0cDovL3d3dy55aXRoZXJhcHkuY29tOjgyLzE4NS8xODUzMjgv/form_key/vWCpGrD0BLpfAw84/index.html]
[www.yitherapy.com/ecommerce/tcm tui na.html]
[www.yitherapy.com/ecommerce/media/catalog/product/cache/1/small_image/210x/9df78eab33525d08d6e5fb8d27136e95/t/c/tcm_tui_na_400x267/www.yitherapy.com-Body-Massage-20.jpg]
[www.yitherapy.com/ecommerce/checkout/cart/add/uenc/aHR0cDovL3d3dy55aXRoZXJhcHkuY29tOjgyLzE4NS8xODUzMjgv/product/2/form_key/vWCpGrD0BLpfAw84/index.html]
[www.yitherapy.com/ecommerce/catalog/product_compare/add/product/2/uenc/aHR0cDovL3d3dy55aXRoZXJhcHkuY29tOjgyLzE4NS8xODUzMjgv/form_key/vWCpGrD0BLpfAw84/index.html]
[www.yitherapy.com/static/js/int/jquery.iv.customform_ecom.js]
[www.yitherapy.com/ecommerce/index.html]
[www.yitherapy.com/ecommerce/checkout/cart/add/uenc/aHR0cDovL3d3dy55aXRoZXJhcHkuY29tOjgyLzE4NS8xODUzMjgv/product/1/form_key/vWCpGrD0BLpfAw84/index.html]
[www.yitherapy.com/ecommerce/catalog/product_compare/add/product/1/uenc/aHR0cDovL3d3dy55aXRoZXJhcHkuY29tOjgyLzE4NS8xODUzMjgv/form_key/vWCpGrD0BLpfAw84/index.html]
[www.yitherapy.com/ecommerce/catalog/seo_sitemap/category/index.html]
[www.yitherapy.com/ecommerce/js/calendar/calendar-win2k-1.css]
[www.yitherapy.com/ecommerce/catalogsearch/term/popular/index.html]
[www.yitherapy.com/ecommerce/catalogsearch/advanced/index.html]
[www.yitherapy.com/ecommerce/js/varien/product.js]
[www.yitherapy.com/ecommerce/js/varien/configurable.js]
[www.yitherapy.com/ecommerce/js/calendar/calendar-setup.js]
[www.yitherapy.com/ecommerce/js/calendar/calendar.js]
[www.yitherapy.com/ecommerce/media/catalog/product/cache/1/image/9df78eab33525d08d6e5fb8d27136e95/t/c/tcm_tui_na_400x267/www.yitherapy.com-Body-Massage-31.jpg]
[www.yitherapy.com/ecommerce/skin/frontend/rwd/iv_responsive/js/lib/elevatezoom/jquery.elevateZoom-3.0.8.min.js]
[www.yitherapy.com/ecommerce/media/catalog/product/cache/1/image/1200x/040ec09b1e35df139433887a97daa66f/t/c/tcm_tui_na_400x267/www.yitherapy.com-Body-Massage-31.jpg]
[www.yitherapy.com/ecommerce/media/catalog/product/cache/1/thumbnail/75x/9df78eab33525d08d6e5fb8d27136e95/t/c/tcm_tui_na_400x267/www.yitherapy.com-Body-Massage-11.jpg]
[www.yitherapy.com/ecommerce/body-massage.html]
[www.yitherapy.com/ecommerce/catalog/product_compare/add/product/1/uenc/aHR0cDovL3d3dy55aXRoZXJhcHkuY29tOjgyLzE4NS8xODUzMjgvYm9keS1tYXNzYWdlLmh0bWw,/form_key/vWCpGrD0BLpfAw84/index.html]
[www.yitherapy.com/ecommerce/sendfriend/product/send/id/1/index.html]
[www.yitherapy.com/__system/__css/1403210_tl.css]
[www.yitherapy.com/contactus.html]
[www.yitherapy.com/__system/__css/1403210.css]
[www.yitherapy.com/static/css/camera/camera_imgs/blank.gif]
[www.yitherapy.com/ecommerce/review/product/list/id/1/index.html]
[www.yitherapy.com/static/css/camera/camera_imgs/camera-loader.gif]
[www.yitherapy.com/static/css/camera/camera_imgs/camera_skins.png]
[www.yitherapy.com/static/css/camera/camera_imgs/patterns/overlay1.png]
[www.yitherapy.com/static/css/camera/camera_imgs/patterns/overlay2.png]
[www.yitherapy.com/static/css/camera/camera_imgs/patterns/overlay3.png]
[www.yitherapy.com/static/css/camera/camera_imgs/patterns/overlay4.png]
[www.yitherapy.com/static/css/camera/camera_imgs/patterns/overlay5.png]
[www.yitherapy.com/static/css/camera/camera_imgs/patterns/overlay6.png]
[www.yitherapy.com/static/css/camera/camera_imgs/patterns/overlay7.png]
[www.yitherapy.com/static/css/camera/camera_imgs/patterns/overlay8.png]
[www.yitherapy.com/static/css/camera/camera_imgs/patterns/overlay9.png]
[www.yitherapy.com/static/css/camera/camera_imgs/patterns/overlay10.png]
[www.yitherapy.com/static/css/camera/camera.css]
[www.yitherapy.com/__system/__css/1407295_tl.css]
[www.yitherapy.com/__system/__css/1407295.css]
[www.yitherapy.com/bookonline.html]
[www.yitherapy.com/__system/__css/1403208_tl.css]
[www.yitherapy.com/__system/__css/1403208.css]
[www.yitherapy.com/__system/__css/1407374_tl.css]
[www.yitherapy.com/__system/__css/1407374.css]
[www.yitherapy.com/static/css/slick.css]
[www.yitherapy.com/__system/__css/1407349_tl.css]
[www.yitherapy.com/__system/__css/1407349.css]
[www.yitherapy.com/__system/__css/1407365_tl.css]
[www.yitherapy.com/__system/__css/1407365.css]
[www.yitherapy.com/__system/__css/1407366_tl.css]
[www.yitherapy.com/__system/__css/1407366.css]
[www.yitherapy.com/__system/__css/1407367_tl.css]
[www.yitherapy.com/__system/__css/1407367.css]
[www.yitherapy.com/__system/__css/1403213_tl.css]
[www.yitherapy.com/__system/__css/1403213.css]
[www.yitherapy.com/ecommerce/skin/frontend/rwd/iv_responsive/css/sandbox.css]
[www.yitherapy.com/ecommerce/skin/frontend/base/default/sagepaysuite/css/sagePaySuite.css]
[www.yitherapy.com/ecommerce/skin/frontend/rwd/default/images/icon_sprite.png]
[www.yitherapy.com/ecommerce/skin/frontend/rwd/default/images/icon_sprite@2x.png]
[www.yitherapy.com/ecommerce/skin/frontend/rwd/iv_responsive/images/demo-logo.png]
[www.yitherapy.com/ecommerce/skin/frontend/rwd/iv_responsive/images/social_icons.png]
[www.yitherapy.com/ecommerce/skin/frontend/rwd/iv_responsive/images/social_icons@2x.png]
[www.yitherapy.com/ecommerce/skin/frontend/rwd/iv_responsive/images/opc-ajax-loader.gif]
[www.yitherapy.com/ecommerce/skin/frontend/rwd/iv_responsive/images/bg_x.png]
[www.yitherapy.com/ecommerce/skin/frontend/rwd/iv_responsive/css/styles.css]
[www.yitherapy.com/ecommerce/skin/frontend/rwd/iv_responsive/css/iv_mods.css]
[www.yitherapy.com/ecommerce/catalogsearch/ajax/suggest/index.html]
[www.yitherapy.com/ecommerce/js/varien/weee.js]
[www.yitherapy.com/ecommerce/checkout/cart/index.html]
[www.yitherapy.com/ecommerce/media/catalog/product/cache/1/image/9df78eab33525d08d6e5fb8d27136e95/i/m/images_2_/www.yitherapy.com-TCM-Health-Treatments-&-Massage-31.jpg]
[www.yitherapy.com/ecommerce/media/catalog/product/cache/1/image/1200x/040ec09b1e35df139433887a97daa66f/i/m/images_2_/www.yitherapy.com-TCM-Health-Treatments-&-Massage-31.jpg]
[www.yitherapy.com/ecommerce/media/catalog/product/cache/1/thumbnail/75x/9df78eab33525d08d6e5fb8d27136e95/i/m/images_2_/www.yitherapy.com-TCM-Health-Treatments-&-Massage-11.jpg]
[www.yitherapy.com/ecommerce/tcm health treatments & massage.html]
[www.yitherapy.com/ecommerce/checkout/cart/add/uenc/aHR0cDovL3d3dy55aXRoZXJhcHkuY29tOjgyLzE4NS8xODUzMjgv/product/5/form_key/vWCpGrD0BLpfAw84/index.html]
[www.yitherapy.com/ecommerce/catalog/product_compare/add/product/5/uenc/aHR0cDovL3d3dy55aXRoZXJhcHkuY29tOjgyLzE4NS8xODUzMjgv/form_key/vWCpGrD0BLpfAw84/index.html]
[www.yitherapy.com/ecommerce/catalog/product_compare/add/product/5/uenc/aHR0cDovL3d3dy55aXRoZXJhcHkuY29tOjgyLzE4NS8xODUzMjgvdGNtJTIwaGVhbHRoJTIwdHJlYXRtZW50cyUyMCZhbXA7JTIwbWFzc2FnZS5odG1s/form_key/vWCpGrD0BLpfAw84/index.html]
[www.yitherapy.com/ecommerce/media/catalog/product/cache/1/image/9df78eab33525d08d6e5fb8d27136e95/i/m/images_1_/www.yitherapy.com-TCM-Scrapping-Care-31.jpg]
[www.yitherapy.com/ecommerce/sendfriend/product/send/id/5/index.html]
[www.yitherapy.com/ecommerce/review/product/list/id/5/index.html]
[www.yitherapy.com/ecommerce/media/catalog/product/cache/1/image/1200x/040ec09b1e35df139433887a97daa66f/i/m/images_1_/www.yitherapy.com-TCM-Scrapping-Care-31.jpg]
[www.yitherapy.com/ecommerce/media/catalog/product/cache/1/thumbnail/75x/9df78eab33525d08d6e5fb8d27136e95/i/m/images_1_/www.yitherapy.com-TCM-Scrapping-Care-11.jpg]
[www.yitherapy.com/ecommerce/tcm scrapping care.html]
[www.yitherapy.com/ecommerce/checkout/cart/add/uenc/aHR0cDovL3d3dy55aXRoZXJhcHkuY29tOjgyLzE4NS8xODUzMjgv/product/4/form_key/vWCpGrD0BLpfAw84/index.html]
[www.yitherapy.com/ecommerce/catalog/product_compare/add/product/4/uenc/aHR0cDovL3d3dy55aXRoZXJhcHkuY29tOjgyLzE4NS8xODUzMjgv/form_key/vWCpGrD0BLpfAw84/index.html]
[www.yitherapy.com/ecommerce/media/catalog/product/cache/1/thumbnail/50x50/9df78eab33525d08d6e5fb8d27136e95/i/m/images_2_/www.yitherapy.com-TCM-Health-Treatments-&-Massage-10.jpg]
[www.yitherapy.com/ecommerce/catalog/product_compare/add/product/4/uenc/aHR0cDovL3d3dy55aXRoZXJhcHkuY29tOjgyLzE4NS8xODUzMjgvdGNtJTIwc2NyYXBwaW5nJTIwY2FyZS5odG1s/form_key/vWCpGrD0BLpfAw84/index.html]
[www.yitherapy.com/ecommerce/sendfriend/product/send/id/4/index.html]
[www.yitherapy.com/ecommerce/review/product/list/id/4/index.html]
[www.yitherapy.com/ecommerce/media/catalog/product/cache/1/image/9df78eab33525d08d6e5fb8d27136e95/d/o/download_1_/www.yitherapy.com-TCM-Fire-Cupping-31.jpg]
[www.yitherapy.com/ecommerce/media/catalog/product/cache/1/image/1200x/040ec09b1e35df139433887a97daa66f/d/o/download_1_/www.yitherapy.com-TCM-Fire-Cupping-31.jpg]
[www.yitherapy.com/ecommerce/checkout/cart/ajaxDelete/id/8/uenc/aHR0cDovL3d3dy55aXRoZXJhcHkuY29tOjgyLzE4NS8xODUzMjgvdGNtJTIwZmlyZSUyMGN1cHBpbmcuaHRtbA,,/index.html]
[www.yitherapy.com/ecommerce/checkout/cart/configure/id/8/index.html]
[www.yitherapy.com/ecommerce/media/catalog/product/cache/1/thumbnail/75x/9df78eab33525d08d6e5fb8d27136e95/d/o/download_1_/www.yitherapy.com-TCM-Fire-Cupping-11.jpg]
[www.yitherapy.com/ecommerce/tcm fire cupping.html]
[www.yitherapy.com/ecommerce/checkout/cart/add/uenc/aHR0cDovL3d3dy55aXRoZXJhcHkuY29tOjgyLzE4NS8xODUzMjgv/product/3/form_key/vWCpGrD0BLpfAw84/index.html]
[www.yitherapy.com/ecommerce/catalog/product_compare/add/product/3/uenc/aHR0cDovL3d3dy55aXRoZXJhcHkuY29tOjgyLzE4NS8xODUzMjgv/form_key/vWCpGrD0BLpfAw84/index.html]
[www.yitherapy.com/ecommerce/sendfriend/product/send/id/3/index.html]
[www.yitherapy.com/ecommerce/catalog/product_compare/add/product/3/uenc/aHR0cDovL3d3dy55aXRoZXJhcHkuY29tOjgyLzE4NS8xODUzMjgvdGNtJTIwZmlyZSUyMGN1cHBpbmcuaHRtbA,,/form_key/vWCpGrD0BLpfAw84/index.html]
[www.yitherapy.com/ecommerce/media/catalog/product/cache/1/thumbnail/50x50/9df78eab33525d08d6e5fb8d27136e95/i/m/images_1_/www.yitherapy.com-TCM-Scrapping-Care-10.jpg]
[www.yitherapy.com/ecommerce/review/product/list/id/3/index.html]
[www.yitherapy.com/ecommerce/media/catalog/product/cache/1/image/9df78eab33525d08d6e5fb8d27136e95/i/m/images/www.yitherapy.com-TCM-TUI-NA-31.jpg]
[www.yitherapy.com/ecommerce/media/catalog/product/cache/1/image/1200x/040ec09b1e35df139433887a97daa66f/i/m/images/www.yitherapy.com-TCM-TUI-NA-31.jpg]
[www.yitherapy.com/ecommerce/checkout/cart/ajaxDelete/id/8/uenc/aHR0cDovL3d3dy55aXRoZXJhcHkuY29tOjgyLzE4NS8xODUzMjgvdGNtJTIwdHVpJTIwbmEuaHRtbA,,/index.html]
[www.yitherapy.com/ecommerce/checkout/cart/ajaxDelete/id/9/uenc/aHR0cDovL3d3dy55aXRoZXJhcHkuY29tOjgyLzE4NS8xODUzMjgvdGNtJTIwdHVpJTIwbmEuaHRtbA,,/index.html]
[www.yitherapy.com/ecommerce/checkout/cart/configure/id/9/index.html]
[www.yitherapy.com/ecommerce/media/catalog/product/cache/1/thumbnail/75x/9df78eab33525d08d6e5fb8d27136e95/i/m/images/www.yitherapy.com-TCM-TUI-NA-11.jpg]
[www.yitherapy.com/ecommerce/tcm tui na.html]
[www.yitherapy.com/ecommerce/checkout/cart/add/uenc/aHR0cDovL3d3dy55aXRoZXJhcHkuY29tOjgyLzE4NS8xODUzMjgv/product/2/form_key/vWCpGrD0BLpfAw84/index.html]
[www.yitherapy.com/ecommerce/catalog/product_compare/add/product/2/uenc/aHR0cDovL3d3dy55aXRoZXJhcHkuY29tOjgyLzE4NS8xODUzMjgv/form_key/vWCpGrD0BLpfAw84/index.html]
[www.yitherapy.com/ecommerce/checkout/cart/add/uenc/aHR0cDovL3d3dy55aXRoZXJhcHkuY29tOjgyLzE4NS8xODUzMjgv/product/1/form_key/vWCpGrD0BLpfAw84/index.html]
[www.yitherapy.com/ecommerce/catalog/product_compare/add/product/1/uenc/aHR0cDovL3d3dy55aXRoZXJhcHkuY29tOjgyLzE4NS8xODUzMjgv/form_key/vWCpGrD0BLpfAw84/index.html]
[www.yitherapy.com/ecommerce/sendfriend/product/send/id/2/index.html]
[www.yitherapy.com/ecommerce/catalog/product_compare/add/product/2/uenc/aHR0cDovL3d3dy55aXRoZXJhcHkuY29tOjgyLzE4NS8xODUzMjgvdGNtJTIwdHVpJTIwbmEuaHRtbA,,/form_key/vWCpGrD0BLpfAw84/index.html]
[www.yitherapy.com/ecommerce/media/catalog/product/cache/1/thumbnail/50x50/9df78eab33525d08d6e5fb8d27136e95/t/c/tcm_tui_na_400x267/www.yitherapy.com-Body-Massage-10.jpg]
[www.yitherapy.com/ecommerce/review/product/list/id/2/index.html]
[www.yitherapy.com/ecommerce/media/catalog/product/cache/1/thumbnail/50x50/9df78eab33525d08d6e5fb8d27136e95/i/m/images/www.yitherapy.com-TCM-TUI-NA-10.jpg]
[www.yitherapy.com/ecommerce/media/catalog/product/cache/1/thumbnail/50x50/9df78eab33525d08d6e5fb8d27136e95/d/o/download_1_/www.yitherapy.com-TCM-Fire-Cupping-10.jpg]
[www.yitherapy.com/ecommerce/checkout/cart/ajaxDelete/id/12/uenc/aHR0cDovL3d3dy55aXRoZXJhcHkuY29tOjgyLzE4NS8xODUzMjgvY2F0YWxvZy9zZW9fc2l0ZW1hcC9jYXRlZ29yeS8,/index.html]
[www.yitherapy.com/ecommerce/catalog/seo_sitemap/category/index.html]
[www.yitherapy.com/ecommerce/checkout/cart/configure/id/12/index.html]
[www.yitherapy.com/ecommerce/checkout/cart/ajaxDelete/id/11/uenc/aHR0cDovL3d3dy55aXRoZXJhcHkuY29tOjgyLzE4NS8xODUzMjgvY2F0YWxvZy9zZW9fc2l0ZW1hcC9jYXRlZ29yeS8,/index.html]
[www.yitherapy.com/ecommerce/catalogsearch/term/popular/index.html]
[www.yitherapy.com/ecommerce/checkout/cart/ajaxDelete/id/10/uenc/aHR0cDovL3d3dy55aXRoZXJhcHkuY29tOjgyLzE4NS8xODUzMjgvY2F0YWxvZy9zZW9fc2l0ZW1hcC9jYXRlZ29yeS8,/index.html]
[www.yitherapy.com/ecommerce/checkout/cart/configure/id/11/index.html]
[www.yitherapy.com/ecommerce/catalogsearch/advanced/index.html]
[www.yitherapy.com/ecommerce/checkout/cart/configure/id/10/index.html]
[www.yitherapy.com/ecommerce/checkout/cart/ajaxDelete/id/12/uenc/aHR0cDovL3d3dy55aXRoZXJhcHkuY29tOjgyLzE4NS8xODUzMjgvY2F0YWxvZ3NlYXJjaC90ZXJtL3BvcHVsYXIv/index.html]
[www.yitherapy.com/ecommerce/checkout/cart/ajaxDelete/id/11/uenc/aHR0cDovL3d3dy55aXRoZXJhcHkuY29tOjgyLzE4NS8xODUzMjgvY2F0YWxvZ3NlYXJjaC90ZXJtL3BvcHVsYXIv/index.html]
[www.yitherapy.com/ecommerce/catalog/seo_sitemap/product/index.html]
[www.yitherapy.com/ecommerce/checkout/cart/ajaxDelete/id/10/uenc/aHR0cDovL3d3dy55aXRoZXJhcHkuY29tOjgyLzE4NS8xODUzMjgvY2F0YWxvZ3NlYXJjaC90ZXJtL3BvcHVsYXIv/index.html]
[www.yitherapy.com/ecommerce/js/calendar/menuarrow.gif]
[www.yitherapy.com/ecommerce/js/calendar/calendar-win2k-1.css]
[www.yitherapy.com/ecommerce/checkout/cart/ajaxDelete/id/12/uenc/aHR0cDovL3d3dy55aXRoZXJhcHkuY29tOjgyLzE4NS8xODUzMjgvY2F0YWxvZ3NlYXJjaC9hZHZhbmNlZC8,/index.html]
[www.yitherapy.com/ecommerce/checkout/cart/ajaxDelete/id/11/uenc/aHR0cDovL3d3dy55aXRoZXJhcHkuY29tOjgyLzE4NS8xODUzMjgvY2F0YWxvZ3NlYXJjaC9hZHZhbmNlZC8,/index.html]
[www.yitherapy.com/ecommerce/checkout/cart/ajaxDelete/id/10/uenc/aHR0cDovL3d3dy55aXRoZXJhcHkuY29tOjgyLzE4NS8xODUzMjgvY2F0YWxvZ3NlYXJjaC9hZHZhbmNlZC8,/index.html]
[www.yitherapy.com/ecommerce/catalog/product_compare/remove/product/1/uenc/aHR0cDovL3d3dy55aXRoZXJhcHkuY29tOjgyLzE4NS8xODUzMjgvY2F0YWxvZ3NlYXJjaC9hZHZhbmNlZC8,/index.html]
[www.yitherapy.com/ecommerce/catalog/product_compare/add/product/1/uenc/aHR0cDovL3d3dy55aXRoZXJhcHkuY29tOjgyLzE4NS8xODUzMjgvYm9keS1tYXNzYWdlLmh0bWw,/form_key/vWCpGrD0BLpfAw84/index.html]
[www.yitherapy.com/ecommerce/catalog/product_compare/remove/product/4/uenc/aHR0cDovL3d3dy55aXRoZXJhcHkuY29tOjgyLzE4NS8xODUzMjgvY2F0YWxvZ3NlYXJjaC9hZHZhbmNlZC8,/index.html]
[www.yitherapy.com/ecommerce/catalog/product_compare/remove/product/2/uenc/aHR0cDovL3d3dy55aXRoZXJhcHkuY29tOjgyLzE4NS8xODUzMjgvY2F0YWxvZ3NlYXJjaC9hZHZhbmNlZC8,/index.html]
[www.yitherapy.com/ecommerce/sendfriend/product/send/id/1/index.html]
[www.yitherapy.com/ecommerce/review/product/list/id/1/index.html]
[www.yitherapy.com/ecommerce/catalog/product_compare/remove/product/3/uenc/aHR0cDovL3d3dy55aXRoZXJhcHkuY29tOjgyLzE4NS8xODUzMjgvY2F0YWxvZ3NlYXJjaC9hZHZhbmNlZC8,/index.html]
[www.yitherapy.com/ecommerce/catalog/product_compare/remove/product/5/uenc/aHR0cDovL3d3dy55aXRoZXJhcHkuY29tOjgyLzE4NS8xODUzMjgvY2F0YWxvZ3NlYXJjaC9hZHZhbmNlZC8,/index.html]
[www.yitherapy.com/ecommerce/checkout/cart/ajaxDelete/id/12/uenc/aHR0cDovL3d3dy55aXRoZXJhcHkuY29tOjgyLzE4NS8xODUzMjgvcmV2aWV3L3Byb2R1Y3QvbGlzdC9pZC8xLw,,/index.html]
[www.yitherapy.com/ecommerce/catalog/product_compare/clear/uenc/aHR0cDovL3d3dy55aXRoZXJhcHkuY29tOjgyLzE4NS8xODUzMjgvY2F0YWxvZ3NlYXJjaC9hZHZhbmNlZC8,/index.html]
[www.yitherapy.com/__system/__css/1403210_tl.css]
[www.yitherapy.com/ecommerce/checkout/cart/ajaxDelete/id/11/uenc/aHR0cDovL3d3dy55aXRoZXJhcHkuY29tOjgyLzE4NS8xODUzMjgvcmV2aWV3L3Byb2R1Y3QvbGlzdC9pZC8xLw,,/index.html]
[www.yitherapy.com/ecommerce/checkout/cart/ajaxDelete/id/10/uenc/aHR0cDovL3d3dy55aXRoZXJhcHkuY29tOjgyLzE4NS8xODUzMjgvcmV2aWV3L3Byb2R1Y3QvbGlzdC9pZC8xLw,,/index.html]
[www.yitherapy.com/ecommerce/catalog/product_compare/add/product/1/uenc/aHR0cDovL3d3dy55aXRoZXJhcHkuY29tOjgyLzE4NS8xODUzMjgvcmV2aWV3L3Byb2R1Y3QvbGlzdC9pZC8xLw,,/form_key/vWCpGrD0BLpfAw84/index.html]
[www.yitherapy.com/__system/__css/1403210.css]
[www.yitherapy.com/ecommerce/catalog/product_compare/remove/product/1/uenc/aHR0cDovL3d3dy55aXRoZXJhcHkuY29tOjgyLzE4NS8xODUzMjgvcmV2aWV3L3Byb2R1Y3QvbGlzdC9pZC8xLw,,/index.html]
[www.yitherapy.com/ecommerce/catalog/product_compare/remove/product/2/uenc/aHR0cDovL3d3dy55aXRoZXJhcHkuY29tOjgyLzE4NS8xODUzMjgvcmV2aWV3L3Byb2R1Y3QvbGlzdC9pZC8xLw,,/index.html]
[www.yitherapy.com/ecommerce/catalog/product_compare/remove/product/3/uenc/aHR0cDovL3d3dy55aXRoZXJhcHkuY29tOjgyLzE4NS8xODUzMjgvcmV2aWV3L3Byb2R1Y3QvbGlzdC9pZC8xLw,,/index.html]
[www.yitherapy.com/__system/__css/1407295_tl.css]
[www.yitherapy.com/__system/__css/1407295.css]
[www.yitherapy.com/ecommerce/catalog/product_compare/remove/product/4/uenc/aHR0cDovL3d3dy55aXRoZXJhcHkuY29tOjgyLzE4NS8xODUzMjgvcmV2aWV3L3Byb2R1Y3QvbGlzdC9pZC8xLw,,/index.html]
[www.yitherapy.com/ecommerce/catalog/product_compare/clear/uenc/aHR0cDovL3d3dy55aXRoZXJhcHkuY29tOjgyLzE4NS8xODUzMjgvcmV2aWV3L3Byb2R1Y3QvbGlzdC9pZC8xLw,,/index.html]
[www.yitherapy.com/ecommerce/catalog/product_compare/remove/product/5/uenc/aHR0cDovL3d3dy55aXRoZXJhcHkuY29tOjgyLzE4NS8xODUzMjgvcmV2aWV3L3Byb2R1Y3QvbGlzdC9pZC8xLw,,/index.html]
[www.yitherapy.com/ecommerce/catalog/product_compare/add/product/5/uenc/aHR0cDovL3d3dy55aXRoZXJhcHkuY29tOjgyLzE4NS8xODUzMjgvdGNtJTIwaGVhbHRoJTIwdHJlYXRtZW50cyUyMCZhbXA7JTIwbWFzc2FnZS5odG1s/form_key/vWCpGrD0BLpfAw84/index.html]
[www.yitherapy.com/ecommerce/sendfriend/product/send/id/5/index.html]
[www.yitherapy.com/ecommerce/review/product/list/id/5/index.html]
[www.yitherapy.com/ecommerce/tcm health treatments & massage-2.html]
[www.yitherapy.com/ecommerce/checkout/cart/ajaxDelete/id/11/uenc/aHR0cDovL3d3dy55aXRoZXJhcHkuY29tOjgyLzE4NS8xODUzMjgvcmV2aWV3L3Byb2R1Y3QvbGlzdC9pZC81Lw,,/index.html]
[www.yitherapy.com/ecommerce/checkout/cart/ajaxDelete/id/12/uenc/aHR0cDovL3d3dy55aXRoZXJhcHkuY29tOjgyLzE4NS8xODUzMjgvcmV2aWV3L3Byb2R1Y3QvbGlzdC9pZC81Lw,,/index.html]
[www.yitherapy.com/ecommerce/checkout/cart/ajaxDelete/id/10/uenc/aHR0cDovL3d3dy55aXRoZXJhcHkuY29tOjgyLzE4NS8xODUzMjgvcmV2aWV3L3Byb2R1Y3QvbGlzdC9pZC81Lw,,/index.html]
[www.yitherapy.com/ecommerce/catalog/product_compare/add/product/5/uenc/aHR0cDovL3d3dy55aXRoZXJhcHkuY29tOjgyLzE4NS8xODUzMjgvcmV2aWV3L3Byb2R1Y3QvbGlzdC9pZC81Lw,,/form_key/vWCpGrD0BLpfAw84/index.html]
[www.yitherapy.com/ecommerce/catalog/product_compare/remove/product/1/uenc/aHR0cDovL3d3dy55aXRoZXJhcHkuY29tOjgyLzE4NS8xODUzMjgvcmV2aWV3L3Byb2R1Y3QvbGlzdC9pZC81Lw,,/index.html]
[www.yitherapy.com/ecommerce/catalog/product_compare/remove/product/3/uenc/aHR0cDovL3d3dy55aXRoZXJhcHkuY29tOjgyLzE4NS8xODUzMjgvcmV2aWV3L3Byb2R1Y3QvbGlzdC9pZC81Lw,,/index.html]
[www.yitherapy.com/ecommerce/catalog/product_compare/remove/product/2/uenc/aHR0cDovL3d3dy55aXRoZXJhcHkuY29tOjgyLzE4NS8xODUzMjgvcmV2aWV3L3Byb2R1Y3QvbGlzdC9pZC81Lw,,/index.html]
[www.yitherapy.com/ecommerce/catalog/product_compare/remove/product/4/uenc/aHR0cDovL3d3dy55aXRoZXJhcHkuY29tOjgyLzE4NS8xODUzMjgvcmV2aWV3L3Byb2R1Y3QvbGlzdC9pZC81Lw,,/index.html]
[www.yitherapy.com/ecommerce/catalog/product_compare/remove/product/5/uenc/aHR0cDovL3d3dy55aXRoZXJhcHkuY29tOjgyLzE4NS8xODUzMjgvcmV2aWV3L3Byb2R1Y3QvbGlzdC9pZC81Lw,,/index.html]
[www.yitherapy.com/ecommerce/catalog/product_compare/add/product/4/uenc/aHR0cDovL3d3dy55aXRoZXJhcHkuY29tOjgyLzE4NS8xODUzMjgvdGNtJTIwc2NyYXBwaW5nJTIwY2FyZS5odG1s/form_key/vWCpGrD0BLpfAw84/index.html]
[www.yitherapy.com/ecommerce/sendfriend/product/send/id/4/index.html]
[www.yitherapy.com/ecommerce/review/product/list/id/4/index.html]
[www.yitherapy.com/ecommerce/catalog/product_compare/clear/uenc/aHR0cDovL3d3dy55aXRoZXJhcHkuY29tOjgyLzE4NS8xODUzMjgvcmV2aWV3L3Byb2R1Y3QvbGlzdC9pZC81Lw,,/index.html]
[www.yitherapy.com/ecommerce/checkout/cart/ajaxDelete/id/12/uenc/aHR0cDovL3d3dy55aXRoZXJhcHkuY29tOjgyLzE4NS8xODUzMjgvcmV2aWV3L3Byb2R1Y3QvbGlzdC9pZC80Lw,,/index.html]
[www.yitherapy.com/ecommerce/checkout/cart/ajaxDelete/id/11/uenc/aHR0cDovL3d3dy55aXRoZXJhcHkuY29tOjgyLzE4NS8xODUzMjgvcmV2aWV3L3Byb2R1Y3QvbGlzdC9pZC80Lw,,/index.html]
[www.yitherapy.com/ecommerce/checkout/cart/ajaxDelete/id/10/uenc/aHR0cDovL3d3dy55aXRoZXJhcHkuY29tOjgyLzE4NS8xODUzMjgvcmV2aWV3L3Byb2R1Y3QvbGlzdC9pZC80Lw,,/index.html]
[www.yitherapy.com/ecommerce/catalog/product_compare/add/product/4/uenc/aHR0cDovL3d3dy55aXRoZXJhcHkuY29tOjgyLzE4NS8xODUzMjgvcmV2aWV3L3Byb2R1Y3QvbGlzdC9pZC80Lw,,/form_key/vWCpGrD0BLpfAw84/index.html]
[www.yitherapy.com/ecommerce/catalog/product_compare/remove/product/1/uenc/aHR0cDovL3d3dy55aXRoZXJhcHkuY29tOjgyLzE4NS8xODUzMjgvcmV2aWV3L3Byb2R1Y3QvbGlzdC9pZC80Lw,,/index.html]
[www.yitherapy.com/ecommerce/checkout/cart/configure/id/8/index.html]
[www.yitherapy.com/ecommerce/catalog/product_compare/remove/product/2/uenc/aHR0cDovL3d3dy55aXRoZXJhcHkuY29tOjgyLzE4NS8xODUzMjgvcmV2aWV3L3Byb2R1Y3QvbGlzdC9pZC80Lw,,/index.html]
[www.yitherapy.com/ecommerce/catalog/product_compare/remove/product/3/uenc/aHR0cDovL3d3dy55aXRoZXJhcHkuY29tOjgyLzE4NS8xODUzMjgvcmV2aWV3L3Byb2R1Y3QvbGlzdC9pZC80Lw,,/index.html]
[www.yitherapy.com/ecommerce/catalog/product_compare/remove/product/5/uenc/aHR0cDovL3d3dy55aXRoZXJhcHkuY29tOjgyLzE4NS8xODUzMjgvcmV2aWV3L3Byb2R1Y3QvbGlzdC9pZC80Lw,,/index.html]
[www.yitherapy.com/ecommerce/catalog/product_compare/remove/product/4/uenc/aHR0cDovL3d3dy55aXRoZXJhcHkuY29tOjgyLzE4NS8xODUzMjgvcmV2aWV3L3Byb2R1Y3QvbGlzdC9pZC80Lw,,/index.html]
[www.yitherapy.com/ecommerce/checkout/cart/ajaxDelete/id/8/uenc/aHR0cDovL3d3dy55aXRoZXJhcHkuY29tOjgyLzE4NS8xODUzMjgvdGNtJTIwZmlyZSUyMGN1cHBpbmcuaHRtbA,,/index.html]
[www.yitherapy.com/ecommerce/checkout/cart/ajaxDelete/id/12/uenc/aHR0cDovL3d3dy55aXRoZXJhcHkuY29tOjgyLzE4NS8xODUzMjgvY2hlY2tvdXQvY2FydC9jb25maWd1cmUvaWQvOC8,/index.html]
[www.yitherapy.com/ecommerce/catalog/product_compare/clear/uenc/aHR0cDovL3d3dy55aXRoZXJhcHkuY29tOjgyLzE4NS8xODUzMjgvcmV2aWV3L3Byb2R1Y3QvbGlzdC9pZC80Lw,,/index.html]
[www.yitherapy.com/ecommerce/checkout/cart/ajaxDelete/id/10/uenc/aHR0cDovL3d3dy55aXRoZXJhcHkuY29tOjgyLzE4NS8xODUzMjgvY2hlY2tvdXQvY2FydC9jb25maWd1cmUvaWQvOC8,/index.html]
[www.yitherapy.com/ecommerce/checkout/cart/ajaxDelete/id/11/uenc/aHR0cDovL3d3dy55aXRoZXJhcHkuY29tOjgyLzE4NS8xODUzMjgvY2hlY2tvdXQvY2FydC9jb25maWd1cmUvaWQvOC8,/index.html]
[www.yitherapy.com/ecommerce/catalog/product_compare/add/product/3/uenc/aHR0cDovL3d3dy55aXRoZXJhcHkuY29tOjgyLzE4NS8xODUzMjgvdGNtJTIwZmlyZSUyMGN1cHBpbmcuaHRtbA,,/form_key/vWCpGrD0BLpfAw84/index.html]
[www.yitherapy.com/ecommerce/sendfriend/product/send/id/3/index.html]
[www.yitherapy.com/ecommerce/review/product/list/id/3/index.html]
[www.yitherapy.com/ecommerce/catalog/product_compare/add/product/5/uenc/aHR0cDovL3d3dy55aXRoZXJhcHkuY29tOjgyLzE4NS8xODUzMjgvY2hlY2tvdXQvY2FydC9jb25maWd1cmUvaWQvOC8,/form_key/vWCpGrD0BLpfAw84/index.html]
[www.yitherapy.com/ecommerce/checkout/cart/ajaxDelete/id/12/uenc/aHR0cDovL3d3dy55aXRoZXJhcHkuY29tOjgyLzE4NS8xODUzMjgvcmV2aWV3L3Byb2R1Y3QvbGlzdC9pZC8zLw,,/index.html]
[www.yitherapy.com/ecommerce/checkout/cart/ajaxDelete/id/11/uenc/aHR0cDovL3d3dy55aXRoZXJhcHkuY29tOjgyLzE4NS8xODUzMjgvcmV2aWV3L3Byb2R1Y3QvbGlzdC9pZC8zLw,,/index.html]
[www.yitherapy.com/ecommerce/checkout/cart/ajaxDelete/id/10/uenc/aHR0cDovL3d3dy55aXRoZXJhcHkuY29tOjgyLzE4NS8xODUzMjgvcmV2aWV3L3Byb2R1Y3QvbGlzdC9pZC8zLw,,/index.html]
[www.yitherapy.com/ecommerce/catalog/product_compare/add/product/3/uenc/aHR0cDovL3d3dy55aXRoZXJhcHkuY29tOjgyLzE4NS8xODUzMjgvcmV2aWV3L3Byb2R1Y3QvbGlzdC9pZC8zLw,,/form_key/vWCpGrD0BLpfAw84/index.html]
[www.yitherapy.com/ecommerce/checkout/cart/configure/id/9/index.html]
[www.yitherapy.com/ecommerce/catalog/product_compare/remove/product/1/uenc/aHR0cDovL3d3dy55aXRoZXJhcHkuY29tOjgyLzE4NS8xODUzMjgvcmV2aWV3L3Byb2R1Y3QvbGlzdC9pZC8zLw,,/index.html]
[www.yitherapy.com/ecommerce/catalog/product_compare/remove/product/2/uenc/aHR0cDovL3d3dy55aXRoZXJhcHkuY29tOjgyLzE4NS8xODUzMjgvcmV2aWV3L3Byb2R1Y3QvbGlzdC9pZC8zLw,,/index.html]
[www.yitherapy.com/ecommerce/catalog/product_compare/remove/product/4/uenc/aHR0cDovL3d3dy55aXRoZXJhcHkuY29tOjgyLzE4NS8xODUzMjgvcmV2aWV3L3Byb2R1Y3QvbGlzdC9pZC8zLw,,/index.html]
[www.yitherapy.com/ecommerce/checkout/cart/ajaxDelete/id/9/uenc/aHR0cDovL3d3dy55aXRoZXJhcHkuY29tOjgyLzE4NS8xODUzMjgvdGNtJTIwdHVpJTIwbmEuaHRtbA,,/index.html]
[www.yitherapy.com/ecommerce/catalog/product_compare/remove/product/3/uenc/aHR0cDovL3d3dy55aXRoZXJhcHkuY29tOjgyLzE4NS8xODUzMjgvcmV2aWV3L3Byb2R1Y3QvbGlzdC9pZC8zLw,,/index.html]
[www.yitherapy.com/ecommerce/checkout/cart/ajaxDelete/id/12/uenc/aHR0cDovL3d3dy55aXRoZXJhcHkuY29tOjgyLzE4NS8xODUzMjgvY2hlY2tvdXQvY2FydC9jb25maWd1cmUvaWQvOS8,/index.html]
[www.yitherapy.com/ecommerce/catalog/product_compare/remove/product/5/uenc/aHR0cDovL3d3dy55aXRoZXJhcHkuY29tOjgyLzE4NS8xODUzMjgvcmV2aWV3L3Byb2R1Y3QvbGlzdC9pZC8zLw,,/index.html]
[www.yitherapy.com/ecommerce/catalog/product_compare/clear/uenc/aHR0cDovL3d3dy55aXRoZXJhcHkuY29tOjgyLzE4NS8xODUzMjgvcmV2aWV3L3Byb2R1Y3QvbGlzdC9pZC8zLw,,/index.html]
[www.yitherapy.com/ecommerce/checkout/cart/ajaxDelete/id/8/uenc/aHR0cDovL3d3dy55aXRoZXJhcHkuY29tOjgyLzE4NS8xODUzMjgvdGNtJTIwdHVpJTIwbmEuaHRtbA,,/index.html]
[www.yitherapy.com/ecommerce/catalog/product_compare/add/product/2/uenc/aHR0cDovL3d3dy55aXRoZXJhcHkuY29tOjgyLzE4NS8xODUzMjgvdGNtJTIwdHVpJTIwbmEuaHRtbA,,/form_key/vWCpGrD0BLpfAw84/index.html]
[www.yitherapy.com/ecommerce/sendfriend/product/send/id/2/index.html]
[www.yitherapy.com/ecommerce/review/product/list/id/2/index.html]
[www.yitherapy.com/ecommerce/checkout/cart/ajaxDelete/id/11/uenc/aHR0cDovL3d3dy55aXRoZXJhcHkuY29tOjgyLzE4NS8xODUzMjgvY2hlY2tvdXQvY2FydC9jb25maWd1cmUvaWQvOS8,/index.html]
[www.yitherapy.com/ecommerce/catalog/product_compare/add/product/4/uenc/aHR0cDovL3d3dy55aXRoZXJhcHkuY29tOjgyLzE4NS8xODUzMjgvY2hlY2tvdXQvY2FydC9jb25maWd1cmUvaWQvOS8,/form_key/vWCpGrD0BLpfAw84/index.html]
[www.yitherapy.com/ecommerce/checkout/cart/ajaxDelete/id/10/uenc/aHR0cDovL3d3dy55aXRoZXJhcHkuY29tOjgyLzE4NS8xODUzMjgvY2hlY2tvdXQvY2FydC9jb25maWd1cmUvaWQvOS8,/index.html]
[www.yitherapy.com/ecommerce/checkout/cart/ajaxDelete/id/12/uenc/aHR0cDovL3d3dy55aXRoZXJhcHkuY29tOjgyLzE4NS8xODUzMjgvcmV2aWV3L3Byb2R1Y3QvbGlzdC9pZC8yLw,,/index.html]
[www.yitherapy.com/ecommerce/checkout/cart/ajaxDelete/id/11/uenc/aHR0cDovL3d3dy55aXRoZXJhcHkuY29tOjgyLzE4NS8xODUzMjgvcmV2aWV3L3Byb2R1Y3QvbGlzdC9pZC8yLw,,/index.html]
[www.yitherapy.com/ecommerce/checkout/cart/configure/id/12/index.html]
[www.yitherapy.com/ecommerce/checkout/cart/ajaxDelete/id/10/uenc/aHR0cDovL3d3dy55aXRoZXJhcHkuY29tOjgyLzE4NS8xODUzMjgvcmV2aWV3L3Byb2R1Y3QvbGlzdC9pZC8yLw,,/index.html]
[www.yitherapy.com/ecommerce/checkout/cart/ajaxDelete/id/12/uenc/aHR0cDovL3d3dy55aXRoZXJhcHkuY29tOjgyLzE4NS8xODUzMjgvY2F0YWxvZy9zZW9fc2l0ZW1hcC9jYXRlZ29yeS8,/index.html]
[www.yitherapy.com/ecommerce/catalog/product_compare/add/product/2/uenc/aHR0cDovL3d3dy55aXRoZXJhcHkuY29tOjgyLzE4NS8xODUzMjgvcmV2aWV3L3Byb2R1Y3QvbGlzdC9pZC8yLw,,/form_key/vWCpGrD0BLpfAw84/index.html]
[www.yitherapy.com/ecommerce/catalog/product_compare/remove/product/1/uenc/aHR0cDovL3d3dy55aXRoZXJhcHkuY29tOjgyLzE4NS8xODUzMjgvcmV2aWV3L3Byb2R1Y3QvbGlzdC9pZC8yLw,,/index.html]
[www.yitherapy.com/ecommerce/catalog/product_compare/remove/product/4/uenc/aHR0cDovL3d3dy55aXRoZXJhcHkuY29tOjgyLzE4NS8xODUzMjgvcmV2aWV3L3Byb2R1Y3QvbGlzdC9pZC8yLw,,/index.html]
[www.yitherapy.com/ecommerce/checkout/cart/configure/id/11/index.html]
[www.yitherapy.com/ecommerce/catalog/product_compare/remove/product/2/uenc/aHR0cDovL3d3dy55aXRoZXJhcHkuY29tOjgyLzE4NS8xODUzMjgvcmV2aWV3L3Byb2R1Y3QvbGlzdC9pZC8yLw,,/index.html]
[www.yitherapy.com/ecommerce/catalog/product_compare/remove/product/3/uenc/aHR0cDovL3d3dy55aXRoZXJhcHkuY29tOjgyLzE4NS8xODUzMjgvcmV2aWV3L3Byb2R1Y3QvbGlzdC9pZC8yLw,,/index.html]
[www.yitherapy.com/ecommerce/catalog/product_compare/remove/product/5/uenc/aHR0cDovL3d3dy55aXRoZXJhcHkuY29tOjgyLzE4NS8xODUzMjgvcmV2aWV3L3Byb2R1Y3QvbGlzdC9pZC8yLw,,/index.html]
[www.yitherapy.com/ecommerce/catalog/product_compare/clear/uenc/aHR0cDovL3d3dy55aXRoZXJhcHkuY29tOjgyLzE4NS8xODUzMjgvcmV2aWV3L3Byb2R1Y3QvbGlzdC9pZC8yLw,,/index.html]
[www.yitherapy.com/ecommerce/checkout/cart/ajaxDelete/id/11/uenc/aHR0cDovL3d3dy55aXRoZXJhcHkuY29tOjgyLzE4NS8xODUzMjgvY2F0YWxvZy9zZW9fc2l0ZW1hcC9jYXRlZ29yeS8,/index.html]
[www.yitherapy.com/ecommerce/checkout/cart/ajaxDelete/id/11/uenc/aHR0cDovL3d3dy55aXRoZXJhcHkuY29tOjgyLzE4NS8xODUzMjgvY2hlY2tvdXQvY2FydC9jb25maWd1cmUvaWQvMTIv/index.html]
[www.yitherapy.com/ecommerce/checkout/cart/ajaxDelete/id/12/uenc/aHR0cDovL3d3dy55aXRoZXJhcHkuY29tOjgyLzE4NS8xODUzMjgvY2hlY2tvdXQvY2FydC9jb25maWd1cmUvaWQvMTIv/index.html]
[www.yitherapy.com/ecommerce/checkout/cart/ajaxDelete/id/10/uenc/aHR0cDovL3d3dy55aXRoZXJhcHkuY29tOjgyLzE4NS8xODUzMjgvY2hlY2tvdXQvY2FydC9jb25maWd1cmUvaWQvMTIv/index.html]
[www.yitherapy.com/ecommerce/catalog/product_compare/add/product/1/uenc/aHR0cDovL3d3dy55aXRoZXJhcHkuY29tOjgyLzE4NS8xODUzMjgvY2hlY2tvdXQvY2FydC9jb25maWd1cmUvaWQvMTIv/form_key/vWCpGrD0BLpfAw84/index.html]
[www.yitherapy.com/ecommerce/checkout/cart/ajaxDelete/id/12/uenc/aHR0cDovL3d3dy55aXRoZXJhcHkuY29tOjgyLzE4NS8xODUzMjgvY2hlY2tvdXQvY2FydC9jb25maWd1cmUvaWQvMTEv/index.html]
[www.yitherapy.com/ecommerce/checkout/cart/ajaxDelete/id/11/uenc/aHR0cDovL3d3dy55aXRoZXJhcHkuY29tOjgyLzE4NS8xODUzMjgvY2hlY2tvdXQvY2FydC9jb25maWd1cmUvaWQvMTEv/index.html]
[www.yitherapy.com/ecommerce/checkout/cart/configure/id/10/index.html]
[www.yitherapy.com/ecommerce/checkout/cart/ajaxDelete/id/10/uenc/aHR0cDovL3d3dy55aXRoZXJhcHkuY29tOjgyLzE4NS8xODUzMjgvY2hlY2tvdXQvY2FydC9jb25maWd1cmUvaWQvMTEv/index.html]
[www.yitherapy.com/ecommerce/catalog/product_compare/add/product/2/uenc/aHR0cDovL3d3dy55aXRoZXJhcHkuY29tOjgyLzE4NS8xODUzMjgvY2hlY2tvdXQvY2FydC9jb25maWd1cmUvaWQvMTEv/form_key/vWCpGrD0BLpfAw84/index.html]
[www.yitherapy.com/ecommerce/checkout/cart/ajaxDelete/id/10/uenc/aHR0cDovL3d3dy55aXRoZXJhcHkuY29tOjgyLzE4NS8xODUzMjgvY2F0YWxvZy9zZW9fc2l0ZW1hcC9jYXRlZ29yeS8,/index.html]
[www.yitherapy.com/ecommerce/checkout/cart/ajaxDelete/id/10/uenc/aHR0cDovL3d3dy55aXRoZXJhcHkuY29tOjgyLzE4NS8xODUzMjgvY2hlY2tvdXQvY2FydC9jb25maWd1cmUvaWQvMTAv/index.html]
[www.yitherapy.com/ecommerce/checkout/cart/ajaxDelete/id/12/uenc/aHR0cDovL3d3dy55aXRoZXJhcHkuY29tOjgyLzE4NS8xODUzMjgvY2hlY2tvdXQvY2FydC9jb25maWd1cmUvaWQvMTAv/index.html]
[www.yitherapy.com/ecommerce/checkout/cart/ajaxDelete/id/11/uenc/aHR0cDovL3d3dy55aXRoZXJhcHkuY29tOjgyLzE4NS8xODUzMjgvY2hlY2tvdXQvY2FydC9jb25maWd1cmUvaWQvMTAv/index.html]
[www.yitherapy.com/ecommerce/catalog/seo_sitemap/product/index.html]
[www.yitherapy.com/ecommerce/catalog/product_compare/add/product/3/uenc/aHR0cDovL3d3dy55aXRoZXJhcHkuY29tOjgyLzE4NS8xODUzMjgvY2hlY2tvdXQvY2FydC9jb25maWd1cmUvaWQvMTAv/form_key/vWCpGrD0BLpfAw84/index.html]
[www.yitherapy.com/ecommerce/checkout/cart/ajaxDelete/id/12/uenc/aHR0cDovL3d3dy55aXRoZXJhcHkuY29tOjgyLzE4NS8xODUzMjgvY2F0YWxvZ3NlYXJjaC90ZXJtL3BvcHVsYXIv/index.html]
[www.yitherapy.com/ecommerce/checkout/cart/ajaxDelete/id/11/uenc/aHR0cDovL3d3dy55aXRoZXJhcHkuY29tOjgyLzE4NS8xODUzMjgvY2F0YWxvZ3NlYXJjaC90ZXJtL3BvcHVsYXIv/index.html]
[www.yitherapy.com/ecommerce/checkout/cart/ajaxDelete/id/10/uenc/aHR0cDovL3d3dy55aXRoZXJhcHkuY29tOjgyLzE4NS8xODUzMjgvY2F0YWxvZ3NlYXJjaC90ZXJtL3BvcHVsYXIv/index.html]
[www.yitherapy.com/ecommerce/checkout/cart/ajaxDelete/id/12/uenc/aHR0cDovL3d3dy55aXRoZXJhcHkuY29tOjgyLzE4NS8xODUzMjgvY2F0YWxvZ3NlYXJjaC9hZHZhbmNlZC8,/index.html]
[www.yitherapy.com/ecommerce/checkout/cart/ajaxDelete/id/11/uenc/aHR0cDovL3d3dy55aXRoZXJhcHkuY29tOjgyLzE4NS8xODUzMjgvY2F0YWxvZ3NlYXJjaC9hZHZhbmNlZC8,/index.html]
[www.yitherapy.com/ecommerce/checkout/cart/ajaxDelete/id/10/uenc/aHR0cDovL3d3dy55aXRoZXJhcHkuY29tOjgyLzE4NS8xODUzMjgvY2F0YWxvZ3NlYXJjaC9hZHZhbmNlZC8,/index.html]
[www.yitherapy.com/ecommerce/catalog/product_compare/remove/product/1/uenc/aHR0cDovL3d3dy55aXRoZXJhcHkuY29tOjgyLzE4NS8xODUzMjgvY2F0YWxvZ3NlYXJjaC9hZHZhbmNlZC8,/index.html]
[www.yitherapy.com/ecommerce/catalog/product_compare/remove/product/2/uenc/aHR0cDovL3d3dy55aXRoZXJhcHkuY29tOjgyLzE4NS8xODUzMjgvY2F0YWxvZ3NlYXJjaC9hZHZhbmNlZC8,/index.html]
[www.yitherapy.com/ecommerce/catalog/product_compare/remove/product/3/uenc/aHR0cDovL3d3dy55aXRoZXJhcHkuY29tOjgyLzE4NS8xODUzMjgvY2F0YWxvZ3NlYXJjaC9hZHZhbmNlZC8,/index.html]
[www.yitherapy.com/ecommerce/catalog/product_compare/remove/product/4/uenc/aHR0cDovL3d3dy55aXRoZXJhcHkuY29tOjgyLzE4NS8xODUzMjgvY2F0YWxvZ3NlYXJjaC9hZHZhbmNlZC8,/index.html]
[www.yitherapy.com/ecommerce/catalog/product_compare/remove/product/5/uenc/aHR0cDovL3d3dy55aXRoZXJhcHkuY29tOjgyLzE4NS8xODUzMjgvY2F0YWxvZ3NlYXJjaC9hZHZhbmNlZC8,/index.html]
[www.yitherapy.com/ecommerce/catalog/product_compare/clear/uenc/aHR0cDovL3d3dy55aXRoZXJhcHkuY29tOjgyLzE4NS8xODUzMjgvY2F0YWxvZ3NlYXJjaC9hZHZhbmNlZC8,/index.html]
[www.yitherapy.com/ecommerce/checkout/cart/ajaxDelete/id/12/uenc/aHR0cDovL3d3dy55aXRoZXJhcHkuY29tOjgyLzE4NS8xODUzMjgvcmV2aWV3L3Byb2R1Y3QvbGlzdC9pZC8xLw,,/index.html]
[www.yitherapy.com/ecommerce/checkout/cart/ajaxDelete/id/11/uenc/aHR0cDovL3d3dy55aXRoZXJhcHkuY29tOjgyLzE4NS8xODUzMjgvcmV2aWV3L3Byb2R1Y3QvbGlzdC9pZC8xLw,,/index.html]
[www.yitherapy.com/ecommerce/checkout/cart/ajaxDelete/id/10/uenc/aHR0cDovL3d3dy55aXRoZXJhcHkuY29tOjgyLzE4NS8xODUzMjgvcmV2aWV3L3Byb2R1Y3QvbGlzdC9pZC8xLw,,/index.html]
[www.yitherapy.com/ecommerce/catalog/product_compare/add/product/1/uenc/aHR0cDovL3d3dy55aXRoZXJhcHkuY29tOjgyLzE4NS8xODUzMjgvcmV2aWV3L3Byb2R1Y3QvbGlzdC9pZC8xLw,,/form_key/vWCpGrD0BLpfAw84/index.html]
[www.yitherapy.com/ecommerce/catalog/product_compare/remove/product/1/uenc/aHR0cDovL3d3dy55aXRoZXJhcHkuY29tOjgyLzE4NS8xODUzMjgvcmV2aWV3L3Byb2R1Y3QvbGlzdC9pZC8xLw,,/index.html]
[www.yitherapy.com/ecommerce/catalog/product_compare/remove/product/2/uenc/aHR0cDovL3d3dy55aXRoZXJhcHkuY29tOjgyLzE4NS8xODUzMjgvcmV2aWV3L3Byb2R1Y3QvbGlzdC9pZC8xLw,,/index.html]
[www.yitherapy.com/ecommerce/catalog/product_compare/remove/product/3/uenc/aHR0cDovL3d3dy55aXRoZXJhcHkuY29tOjgyLzE4NS8xODUzMjgvcmV2aWV3L3Byb2R1Y3QvbGlzdC9pZC8xLw,,/index.html]
[www.yitherapy.com/ecommerce/catalog/product_compare/remove/product/4/uenc/aHR0cDovL3d3dy55aXRoZXJhcHkuY29tOjgyLzE4NS8xODUzMjgvcmV2aWV3L3Byb2R1Y3QvbGlzdC9pZC8xLw,,/index.html]
[www.yitherapy.com/ecommerce/catalog/product_compare/remove/product/5/uenc/aHR0cDovL3d3dy55aXRoZXJhcHkuY29tOjgyLzE4NS8xODUzMjgvcmV2aWV3L3Byb2R1Y3QvbGlzdC9pZC8xLw,,/index.html]
[www.yitherapy.com/ecommerce/catalog/product_compare/clear/uenc/aHR0cDovL3d3dy55aXRoZXJhcHkuY29tOjgyLzE4NS8xODUzMjgvcmV2aWV3L3Byb2R1Y3QvbGlzdC9pZC8xLw,,/index.html]
[www.yitherapy.com/ecommerce/tcm health treatments & massage-2.html]
[www.yitherapy.com/ecommerce/checkout/cart/ajaxDelete/id/12/uenc/aHR0cDovL3d3dy55aXRoZXJhcHkuY29tOjgyLzE4NS8xODUzMjgvY2F0YWxvZy9zZW9fc2l0ZW1hcC9wcm9kdWN0Lw,,/index.html]
[www.yitherapy.com/ecommerce/checkout/cart/ajaxDelete/id/11/uenc/aHR0cDovL3d3dy55aXRoZXJhcHkuY29tOjgyLzE4NS8xODUzMjgvY2F0YWxvZy9zZW9fc2l0ZW1hcC9wcm9kdWN0Lw,,/index.html]
[www.yitherapy.com/ecommerce/checkout/cart/ajaxDelete/id/10/uenc/aHR0cDovL3d3dy55aXRoZXJhcHkuY29tOjgyLzE4NS8xODUzMjgvY2F0YWxvZy9zZW9fc2l0ZW1hcC9wcm9kdWN0Lw,,/index.html]
[www.yitherapy.com/ecommerce/checkout/cart/ajaxDelete/id/12/uenc/aHR0cDovL3d3dy55aXRoZXJhcHkuY29tOjgyLzE4NS8xODUzMjgvdGNtJTIwaGVhbHRoJTIwdHJlYXRtZW50cyUyMCZhbXA7JTIwbWFzc2FnZS5odG1s/index.html]
[www.yitherapy.com/ecommerce/checkout/cart/ajaxDelete/id/12/uenc/aHR0cDovL3d3dy55aXRoZXJhcHkuY29tOjgyLzE4NS8xODUzMjgvcmV2aWV3L3Byb2R1Y3QvbGlzdC9pZC81Lw,,/index.html]
[www.yitherapy.com/ecommerce/checkout/cart/ajaxDelete/id/11/uenc/aHR0cDovL3d3dy55aXRoZXJhcHkuY29tOjgyLzE4NS8xODUzMjgvcmV2aWV3L3Byb2R1Y3QvbGlzdC9pZC81Lw,,/index.html]
[www.yitherapy.com/ecommerce/checkout/cart/ajaxDelete/id/10/uenc/aHR0cDovL3d3dy55aXRoZXJhcHkuY29tOjgyLzE4NS8xODUzMjgvcmV2aWV3L3Byb2R1Y3QvbGlzdC9pZC81Lw,,/index.html]
[www.yitherapy.com/ecommerce/catalog/product_compare/add/product/5/uenc/aHR0cDovL3d3dy55aXRoZXJhcHkuY29tOjgyLzE4NS8xODUzMjgvcmV2aWV3L3Byb2R1Y3QvbGlzdC9pZC81Lw,,/form_key/vWCpGrD0BLpfAw84/index.html]
[www.yitherapy.com/ecommerce/catalog/product_compare/remove/product/1/uenc/aHR0cDovL3d3dy55aXRoZXJhcHkuY29tOjgyLzE4NS8xODUzMjgvcmV2aWV3L3Byb2R1Y3QvbGlzdC9pZC81Lw,,/index.html]
[www.yitherapy.com/ecommerce/catalog/product_compare/remove/product/2/uenc/aHR0cDovL3d3dy55aXRoZXJhcHkuY29tOjgyLzE4NS8xODUzMjgvcmV2aWV3L3Byb2R1Y3QvbGlzdC9pZC81Lw,,/index.html]
[www.yitherapy.com/ecommerce/catalog/product_compare/remove/product/3/uenc/aHR0cDovL3d3dy55aXRoZXJhcHkuY29tOjgyLzE4NS8xODUzMjgvcmV2aWV3L3Byb2R1Y3QvbGlzdC9pZC81Lw,,/index.html]
[www.yitherapy.com/ecommerce/catalog/product_compare/remove/product/4/uenc/aHR0cDovL3d3dy55aXRoZXJhcHkuY29tOjgyLzE4NS8xODUzMjgvcmV2aWV3L3Byb2R1Y3QvbGlzdC9pZC81Lw,,/index.html]
[www.yitherapy.com/ecommerce/catalog/product_compare/remove/product/5/uenc/aHR0cDovL3d3dy55aXRoZXJhcHkuY29tOjgyLzE4NS8xODUzMjgvcmV2aWV3L3Byb2R1Y3QvbGlzdC9pZC81Lw,,/index.html]
[www.yitherapy.com/ecommerce/catalog/product_compare/clear/uenc/aHR0cDovL3d3dy55aXRoZXJhcHkuY29tOjgyLzE4NS8xODUzMjgvcmV2aWV3L3Byb2R1Y3QvbGlzdC9pZC81Lw,,/index.html]
[www.yitherapy.com/ecommerce/checkout/cart/ajaxDelete/id/12/uenc/aHR0cDovL3d3dy55aXRoZXJhcHkuY29tOjgyLzE4NS8xODUzMjgvcmV2aWV3L3Byb2R1Y3QvbGlzdC9pZC80Lw,,/index.html]
[www.yitherapy.com/ecommerce/checkout/cart/ajaxDelete/id/11/uenc/aHR0cDovL3d3dy55aXRoZXJhcHkuY29tOjgyLzE4NS8xODUzMjgvcmV2aWV3L3Byb2R1Y3QvbGlzdC9pZC80Lw,,/index.html]
[www.yitherapy.com/ecommerce/checkout/cart/ajaxDelete/id/10/uenc/aHR0cDovL3d3dy55aXRoZXJhcHkuY29tOjgyLzE4NS8xODUzMjgvcmV2aWV3L3Byb2R1Y3QvbGlzdC9pZC80Lw,,/index.html]
[www.yitherapy.com/ecommerce/catalog/product_compare/add/product/4/uenc/aHR0cDovL3d3dy55aXRoZXJhcHkuY29tOjgyLzE4NS8xODUzMjgvcmV2aWV3L3Byb2R1Y3QvbGlzdC9pZC80Lw,,/form_key/vWCpGrD0BLpfAw84/index.html]
[www.yitherapy.com/ecommerce/catalog/product_compare/remove/product/1/uenc/aHR0cDovL3d3dy55aXRoZXJhcHkuY29tOjgyLzE4NS8xODUzMjgvcmV2aWV3L3Byb2R1Y3QvbGlzdC9pZC80Lw,,/index.html]
[www.yitherapy.com/ecommerce/catalog/product_compare/remove/product/2/uenc/aHR0cDovL3d3dy55aXRoZXJhcHkuY29tOjgyLzE4NS8xODUzMjgvcmV2aWV3L3Byb2R1Y3QvbGlzdC9pZC80Lw,,/index.html]
[www.yitherapy.com/ecommerce/catalog/product_compare/remove/product/3/uenc/aHR0cDovL3d3dy55aXRoZXJhcHkuY29tOjgyLzE4NS8xODUzMjgvcmV2aWV3L3Byb2R1Y3QvbGlzdC9pZC80Lw,,/index.html]
[www.yitherapy.com/ecommerce/catalog/product_compare/remove/product/4/uenc/aHR0cDovL3d3dy55aXRoZXJhcHkuY29tOjgyLzE4NS8xODUzMjgvcmV2aWV3L3Byb2R1Y3QvbGlzdC9pZC80Lw,,/index.html]
[www.yitherapy.com/ecommerce/catalog/product_compare/remove/product/5/uenc/aHR0cDovL3d3dy55aXRoZXJhcHkuY29tOjgyLzE4NS8xODUzMjgvcmV2aWV3L3Byb2R1Y3QvbGlzdC9pZC80Lw,,/index.html]
[www.yitherapy.com/ecommerce/catalog/product_compare/clear/uenc/aHR0cDovL3d3dy55aXRoZXJhcHkuY29tOjgyLzE4NS8xODUzMjgvcmV2aWV3L3Byb2R1Y3QvbGlzdC9pZC80Lw,,/index.html]
[www.yitherapy.com/ecommerce/checkout/cart/ajaxDelete/id/12/uenc/aHR0cDovL3d3dy55aXRoZXJhcHkuY29tOjgyLzE4NS8xODUzMjgvY2hlY2tvdXQvY2FydC9jb25maWd1cmUvaWQvOC8,/index.html]
[www.yitherapy.com/ecommerce/checkout/cart/ajaxDelete/id/11/uenc/aHR0cDovL3d3dy55aXRoZXJhcHkuY29tOjgyLzE4NS8xODUzMjgvY2hlY2tvdXQvY2FydC9jb25maWd1cmUvaWQvOC8,/index.html]
[www.yitherapy.com/ecommerce/checkout/cart/ajaxDelete/id/10/uenc/aHR0cDovL3d3dy55aXRoZXJhcHkuY29tOjgyLzE4NS8xODUzMjgvY2hlY2tvdXQvY2FydC9jb25maWd1cmUvaWQvOC8,/index.html]
[www.yitherapy.com/ecommerce/catalog/product_compare/add/product/5/uenc/aHR0cDovL3d3dy55aXRoZXJhcHkuY29tOjgyLzE4NS8xODUzMjgvY2hlY2tvdXQvY2FydC9jb25maWd1cmUvaWQvOC8,/form_key/vWCpGrD0BLpfAw84/index.html]
[www.yitherapy.com/ecommerce/checkout/cart/ajaxDelete/id/12/uenc/aHR0cDovL3d3dy55aXRoZXJhcHkuY29tOjgyLzE4NS8xODUzMjgvcmV2aWV3L3Byb2R1Y3QvbGlzdC9pZC8zLw,,/index.html]
[www.yitherapy.com/ecommerce/checkout/cart/ajaxDelete/id/11/uenc/aHR0cDovL3d3dy55aXRoZXJhcHkuY29tOjgyLzE4NS8xODUzMjgvcmV2aWV3L3Byb2R1Y3QvbGlzdC9pZC8zLw,,/index.html]
[www.yitherapy.com/ecommerce/checkout/cart/ajaxDelete/id/10/uenc/aHR0cDovL3d3dy55aXRoZXJhcHkuY29tOjgyLzE4NS8xODUzMjgvcmV2aWV3L3Byb2R1Y3QvbGlzdC9pZC8zLw,,/index.html]
[www.yitherapy.com/ecommerce/catalog/product_compare/add/product/3/uenc/aHR0cDovL3d3dy55aXRoZXJhcHkuY29tOjgyLzE4NS8xODUzMjgvcmV2aWV3L3Byb2R1Y3QvbGlzdC9pZC8zLw,,/form_key/vWCpGrD0BLpfAw84/index.html]
[www.yitherapy.com/ecommerce/catalog/product_compare/remove/product/1/uenc/aHR0cDovL3d3dy55aXRoZXJhcHkuY29tOjgyLzE4NS8xODUzMjgvcmV2aWV3L3Byb2R1Y3QvbGlzdC9pZC8zLw,,/index.html]
[www.yitherapy.com/ecommerce/catalog/product_compare/remove/product/2/uenc/aHR0cDovL3d3dy55aXRoZXJhcHkuY29tOjgyLzE4NS8xODUzMjgvcmV2aWV3L3Byb2R1Y3QvbGlzdC9pZC8zLw,,/index.html]
[www.yitherapy.com/ecommerce/catalog/product_compare/remove/product/3/uenc/aHR0cDovL3d3dy55aXRoZXJhcHkuY29tOjgyLzE4NS8xODUzMjgvcmV2aWV3L3Byb2R1Y3QvbGlzdC9pZC8zLw,,/index.html]
[www.yitherapy.com/ecommerce/catalog/product_compare/remove/product/4/uenc/aHR0cDovL3d3dy55aXRoZXJhcHkuY29tOjgyLzE4NS8xODUzMjgvcmV2aWV3L3Byb2R1Y3QvbGlzdC9pZC8zLw,,/index.html]
[www.yitherapy.com/ecommerce/catalog/product_compare/remove/product/5/uenc/aHR0cDovL3d3dy55aXRoZXJhcHkuY29tOjgyLzE4NS8xODUzMjgvcmV2aWV3L3Byb2R1Y3QvbGlzdC9pZC8zLw,,/index.html]
[www.yitherapy.com/ecommerce/catalog/product_compare/clear/uenc/aHR0cDovL3d3dy55aXRoZXJhcHkuY29tOjgyLzE4NS8xODUzMjgvcmV2aWV3L3Byb2R1Y3QvbGlzdC9pZC8zLw,,/index.html]
[www.yitherapy.com/ecommerce/checkout/cart/ajaxDelete/id/12/uenc/aHR0cDovL3d3dy55aXRoZXJhcHkuY29tOjgyLzE4NS8xODUzMjgvY2hlY2tvdXQvY2FydC9jb25maWd1cmUvaWQvOS8,/index.html]
[www.yitherapy.com/ecommerce/checkout/cart/ajaxDelete/id/11/uenc/aHR0cDovL3d3dy55aXRoZXJhcHkuY29tOjgyLzE4NS8xODUzMjgvY2hlY2tvdXQvY2FydC9jb25maWd1cmUvaWQvOS8,/index.html]
[www.yitherapy.com/ecommerce/checkout/cart/ajaxDelete/id/10/uenc/aHR0cDovL3d3dy55aXRoZXJhcHkuY29tOjgyLzE4NS8xODUzMjgvY2hlY2tvdXQvY2FydC9jb25maWd1cmUvaWQvOS8,/index.html]
[www.yitherapy.com/ecommerce/catalog/product_compare/add/product/4/uenc/aHR0cDovL3d3dy55aXRoZXJhcHkuY29tOjgyLzE4NS8xODUzMjgvY2hlY2tvdXQvY2FydC9jb25maWd1cmUvaWQvOS8,/form_key/vWCpGrD0BLpfAw84/index.html]
[www.yitherapy.com/ecommerce/checkout/cart/ajaxDelete/id/12/uenc/aHR0cDovL3d3dy55aXRoZXJhcHkuY29tOjgyLzE4NS8xODUzMjgvcmV2aWV3L3Byb2R1Y3QvbGlzdC9pZC8yLw,,/index.html]
[www.yitherapy.com/ecommerce/checkout/cart/ajaxDelete/id/11/uenc/aHR0cDovL3d3dy55aXRoZXJhcHkuY29tOjgyLzE4NS8xODUzMjgvcmV2aWV3L3Byb2R1Y3QvbGlzdC9pZC8yLw,,/index.html]
[www.yitherapy.com/ecommerce/checkout/cart/ajaxDelete/id/10/uenc/aHR0cDovL3d3dy55aXRoZXJhcHkuY29tOjgyLzE4NS8xODUzMjgvcmV2aWV3L3Byb2R1Y3QvbGlzdC9pZC8yLw,,/index.html]
[www.yitherapy.com/ecommerce/catalog/product_compare/add/product/2/uenc/aHR0cDovL3d3dy55aXRoZXJhcHkuY29tOjgyLzE4NS8xODUzMjgvcmV2aWV3L3Byb2R1Y3QvbGlzdC9pZC8yLw,,/form_key/vWCpGrD0BLpfAw84/index.html]
[www.yitherapy.com/ecommerce/catalog/product_compare/remove/product/1/uenc/aHR0cDovL3d3dy55aXRoZXJhcHkuY29tOjgyLzE4NS8xODUzMjgvcmV2aWV3L3Byb2R1Y3QvbGlzdC9pZC8yLw,,/index.html]
[www.yitherapy.com/ecommerce/catalog/product_compare/remove/product/2/uenc/aHR0cDovL3d3dy55aXRoZXJhcHkuY29tOjgyLzE4NS8xODUzMjgvcmV2aWV3L3Byb2R1Y3QvbGlzdC9pZC8yLw,,/index.html]
[www.yitherapy.com/ecommerce/catalog/product_compare/remove/product/3/uenc/aHR0cDovL3d3dy55aXRoZXJhcHkuY29tOjgyLzE4NS8xODUzMjgvcmV2aWV3L3Byb2R1Y3QvbGlzdC9pZC8yLw,,/index.html]
[www.yitherapy.com/ecommerce/catalog/product_compare/remove/product/4/uenc/aHR0cDovL3d3dy55aXRoZXJhcHkuY29tOjgyLzE4NS8xODUzMjgvcmV2aWV3L3Byb2R1Y3QvbGlzdC9pZC8yLw,,/index.html]
[www.yitherapy.com/ecommerce/catalog/product_compare/remove/product/5/uenc/aHR0cDovL3d3dy55aXRoZXJhcHkuY29tOjgyLzE4NS8xODUzMjgvcmV2aWV3L3Byb2R1Y3QvbGlzdC9pZC8yLw,,/index.html]
[www.yitherapy.com/ecommerce/catalog/product_compare/clear/uenc/aHR0cDovL3d3dy55aXRoZXJhcHkuY29tOjgyLzE4NS8xODUzMjgvcmV2aWV3L3Byb2R1Y3QvbGlzdC9pZC8yLw,,/index.html]
[www.yitherapy.com/ecommerce/checkout/cart/ajaxDelete/id/12/uenc/aHR0cDovL3d3dy55aXRoZXJhcHkuY29tOjgyLzE4NS8xODUzMjgvY2hlY2tvdXQvY2FydC9jb25maWd1cmUvaWQvMTIv/index.html]
[www.yitherapy.com/ecommerce/checkout/cart/ajaxDelete/id/11/uenc/aHR0cDovL3d3dy55aXRoZXJhcHkuY29tOjgyLzE4NS8xODUzMjgvY2hlY2tvdXQvY2FydC9jb25maWd1cmUvaWQvMTIv/index.html]
[www.yitherapy.com/ecommerce/checkout/cart/ajaxDelete/id/10/uenc/aHR0cDovL3d3dy55aXRoZXJhcHkuY29tOjgyLzE4NS8xODUzMjgvY2hlY2tvdXQvY2FydC9jb25maWd1cmUvaWQvMTIv/index.html]
[www.yitherapy.com/ecommerce/catalog/product_compare/add/product/1/uenc/aHR0cDovL3d3dy55aXRoZXJhcHkuY29tOjgyLzE4NS8xODUzMjgvY2hlY2tvdXQvY2FydC9jb25maWd1cmUvaWQvMTIv/form_key/vWCpGrD0BLpfAw84/index.html]
[www.yitherapy.com/ecommerce/checkout/cart/ajaxDelete/id/12/uenc/aHR0cDovL3d3dy55aXRoZXJhcHkuY29tOjgyLzE4NS8xODUzMjgvY2hlY2tvdXQvY2FydC9jb25maWd1cmUvaWQvMTEv/index.html]
[www.yitherapy.com/ecommerce/checkout/cart/ajaxDelete/id/11/uenc/aHR0cDovL3d3dy55aXRoZXJhcHkuY29tOjgyLzE4NS8xODUzMjgvY2hlY2tvdXQvY2FydC9jb25maWd1cmUvaWQvMTEv/index.html]
[www.yitherapy.com/ecommerce/checkout/cart/ajaxDelete/id/10/uenc/aHR0cDovL3d3dy55aXRoZXJhcHkuY29tOjgyLzE4NS8xODUzMjgvY2hlY2tvdXQvY2FydC9jb25maWd1cmUvaWQvMTEv/index.html]
[www.yitherapy.com/ecommerce/catalog/product_compare/add/product/2/uenc/aHR0cDovL3d3dy55aXRoZXJhcHkuY29tOjgyLzE4NS8xODUzMjgvY2hlY2tvdXQvY2FydC9jb25maWd1cmUvaWQvMTEv/form_key/vWCpGrD0BLpfAw84/index.html]
[www.yitherapy.com/ecommerce/checkout/cart/ajaxDelete/id/12/uenc/aHR0cDovL3d3dy55aXRoZXJhcHkuY29tOjgyLzE4NS8xODUzMjgvY2hlY2tvdXQvY2FydC9jb25maWd1cmUvaWQvMTAv/index.html]
[www.yitherapy.com/ecommerce/checkout/cart/ajaxDelete/id/11/uenc/aHR0cDovL3d3dy55aXRoZXJhcHkuY29tOjgyLzE4NS8xODUzMjgvY2hlY2tvdXQvY2FydC9jb25maWd1cmUvaWQvMTAv/index.html]
[www.yitherapy.com/ecommerce/checkout/cart/ajaxDelete/id/10/uenc/aHR0cDovL3d3dy55aXRoZXJhcHkuY29tOjgyLzE4NS8xODUzMjgvY2hlY2tvdXQvY2FydC9jb25maWd1cmUvaWQvMTAv/index.html]
[www.yitherapy.com/ecommerce/catalog/product_compare/add/product/3/uenc/aHR0cDovL3d3dy55aXRoZXJhcHkuY29tOjgyLzE4NS8xODUzMjgvY2hlY2tvdXQvY2FydC9jb25maWd1cmUvaWQvMTAv/form_key/vWCpGrD0BLpfAw84/index.html]
[www.yitherapy.com/ecommerce/checkout/cart/ajaxDelete/id/12/uenc/aHR0cDovL3d3dy55aXRoZXJhcHkuY29tOjgyLzE4NS8xODUzMjgvY2F0YWxvZy9zZW9fc2l0ZW1hcC9wcm9kdWN0Lw,,/index.html]
[www.yitherapy.com/ecommerce/checkout/cart/ajaxDelete/id/11/uenc/aHR0cDovL3d3dy55aXRoZXJhcHkuY29tOjgyLzE4NS8xODUzMjgvY2F0YWxvZy9zZW9fc2l0ZW1hcC9wcm9kdWN0Lw,,/index.html]
[www.yitherapy.com/ecommerce/checkout/cart/ajaxDelete/id/10/uenc/aHR0cDovL3d3dy55aXRoZXJhcHkuY29tOjgyLzE4NS8xODUzMjgvY2F0YWxvZy9zZW9fc2l0ZW1hcC9wcm9kdWN0Lw,,/index.html]
[www.yitherapy.com/ecommerce/checkout/cart/ajaxDelete/id/12/uenc/aHR0cDovL3d3dy55aXRoZXJhcHkuY29tOjgyLzE4NS8xODUzMjgvdGNtJTIwaGVhbHRoJTIwdHJlYXRtZW50cyUyMCZhbXA7JTIwbWFzc2FnZS5odG1s/index.html]
[www.yitherapy.com/ecommerce/checkout/cart/ajaxDelete/id/11/uenc/aHR0cDovL3d3dy55aXRoZXJhcHkuY29tOjgyLzE4NS8xODUzMjgvdGNtJTIwaGVhbHRoJTIwdHJlYXRtZW50cyUyMCZhbXA7JTIwbWFzc2FnZS5odG1s/index.html]
[www.yitherapy.com/ecommerce/checkout/cart/ajaxDelete/id/10/uenc/aHR0cDovL3d3dy55aXRoZXJhcHkuY29tOjgyLzE4NS8xODUzMjgvdGNtJTIwaGVhbHRoJTIwdHJlYXRtZW50cyUyMCZhbXA7JTIwbWFzc2FnZS5odG1s/index.html]
[www.yitherapy.com/ecommerce/checkout/cart/ajaxDelete/id/11/uenc/aHR0cDovL3d3dy55aXRoZXJhcHkuY29tOjgyLzE4NS8xODUzMjgvdGNtJTIwaGVhbHRoJTIwdHJlYXRtZW50cyUyMCZhbXA7JTIwbWFzc2FnZS5odG1s/index.html]
[www.yitherapy.com/ecommerce/checkout/cart/ajaxDelete/id/10/uenc/aHR0cDovL3d3dy55aXRoZXJhcHkuY29tOjgyLzE4NS8xODUzMjgvdGNtJTIwaGVhbHRoJTIwdHJlYXRtZW50cyUyMCZhbXA7JTIwbWFzc2FnZS5odG1s/index.html]
